<?xml version="1.0" encoding="UTF-8"?>
<testsuite name="ElectionManagerTest" tests="1" skipped="0" failures="0" errors="0" timestamp="2024-03-20T11:05:55" hostname="RAHULSLAPPY" time="0.07">
  <properties/>
  <testcase name="shouldAbleToTakeFileInputFromUser()" classname="ElectionManagerTest" time="0.07"/>
  <system-out><![CDATA[]]></system-out>
  <system-err><![CDATA[]]></system-err>
</testsuite>
