<?xml version="1.0" encoding="UTF-8"?>
<testsuite name="DataExtractorTest" tests="1" skipped="0" failures="0" errors="0" timestamp="2024-03-20T05:58:47" hostname="RAHULSLAPPY" time="0.092">
  <properties/>
  <testcase name="shouldAbleToReadFileFromTheUser()" classname="DataExtractorTest" time="0.092"/>
  <system-out><![CDATA[]]></system-out>
  <system-err><![CDATA[]]></system-err>
</testsuite>
