<?xml version="1.0" encoding="UTF-8"?>
<testsuite name="com.amaap.electionresult.io.ParserTest" tests="6" skipped="0" failures="0" errors="0" timestamp="2024-04-01T20:40:13" hostname="RAHULSLAPPY" time="0.39">
  <properties/>
  <testcase name="shouldThrowIllegalPartyNameExceptionIfInvalidPartyName()" classname="com.amaap.electionresult.io.ParserTest" time="0.327"/>
  <testcase name="shouldThrowIllegalArgumentExceptionIfInvalidCityName()" classname="com.amaap.electionresult.io.ParserTest" time="0.01"/>
  <testcase name="shouldBeAbleToProcessFileAndPopulateResultMap()" classname="com.amaap.electionresult.io.ParserTest" time="0.013"/>
  <testcase name="shouldThrowIOExceptionIfInvalidConfigurationsFilePath()" classname="com.amaap.electionresult.io.ParserTest" time="0.004"/>
  <testcase name="shouldThrowIllegalPartyNameExceptionIfMissingPartyName()" classname="com.amaap.electionresult.io.ParserTest" time="0.015"/>
  <testcase name="shouldBeAbleToInitializeParserWithValidConfigurations()" classname="com.amaap.electionresult.io.ParserTest" time="0.008"/>
  <system-out><![CDATA[]]></system-out>
  <system-err><![CDATA[]]></system-err>
</testsuite>
