<?xml version="1.0" encoding="UTF-8"?>
<testsuite name="com.amaap.electionresult.repository.impl.InMemoryElectionResultRepositoryTest" tests="2" skipped="0" failures="0" errors="0" timestamp="2024-05-10T10:41:33" hostname="RAHULSLAPPY" time="0.007">
  <properties/>
  <testcase name="shouldBeAbleToTestGetWinnerData()" classname="com.amaap.electionresult.repository.impl.InMemoryElectionResultRepositoryTest" time="0.003"/>
  <testcase name="shouldBeAbleToTestConstituencyResult()" classname="com.amaap.electionresult.repository.impl.InMemoryElectionResultRepositoryTest" time="0.003"/>
  <system-out><![CDATA[]]></system-out>
  <system-err><![CDATA[]]></system-err>
</testsuite>
