<?xml version="1.0" encoding="UTF-8"?>
<testsuite name="DataExtractorTest" tests="4" skipped="0" failures="0" errors="0" timestamp="2024-03-20T12:30:52" hostname="RAHULSLAPPY" time="0.109">
  <properties/>
  <testcase name="shouldAbleToReadFileFromTheUser()" classname="DataExtractorTest" time="0.086"/>
  <testcase name="shouldAbleToThrowExceptionIfNoDataFoundInFile()" classname="DataExtractorTest" time="0.011"/>
  <testcase name="shouldThrowExceptionIfPathIsEmpty()" classname="DataExtractorTest" time="0.002"/>
  <testcase name="shouldAbleToTakeOnlyTextFileAsInputIfNotThrowException()" classname="DataExtractorTest" time="0.003"/>
  <system-out><![CDATA[{Banglore={BJP=50, NCP=43, CPI=10, INC=20}, Pune={BJP=21, NCP=10, CPI=40, BSP=4, INC=90}, Kolkata={BJP=1020, NCP=120, CPI=500, INC=1000}}
]]></system-out>
  <system-err><![CDATA[]]></system-err>
</testsuite>
