<?xml version="1.0" encoding="UTF-8"?>
<testsuite name="com.amaap.electionresult.repository.impl.InMemoryElectionResultRepositoryTest" tests="2" skipped="0" failures="0" errors="0" timestamp="2024-05-10T09:07:40" hostname="RAHULSLAPPY" time="0.006">
  <properties/>
  <testcase name="shouldBeAbleToTestGetWinnerData()" classname="com.amaap.electionresult.repository.impl.InMemoryElectionResultRepositoryTest" time="0.004"/>
  <testcase name="shouldBeAbleToTestConstituencyResult()" classname="com.amaap.electionresult.repository.impl.InMemoryElectionResultRepositoryTest" time="0.002"/>
  <system-out><![CDATA[]]></system-out>
  <system-err><![CDATA[]]></system-err>
</testsuite>
