<?xml version="1.0" encoding="UTF-8"?>
<testsuite name="com.amaap.electionresult.domain.model.PartyNameMapperTest" tests="2" skipped="0" failures="0" errors="0" timestamp="2024-05-10T10:41:33" hostname="RAHULSLAPPY" time="0.022">
  <properties/>
  <testcase name="shouldBeAbleToGetTheCorrectPartyFullName()" classname="com.amaap.electionresult.domain.model.PartyNameMapperTest" time="0.005"/>
  <testcase name="shouldThrowExceptionIfInvalidPartyCodeIsGiven()" classname="com.amaap.electionresult.domain.model.PartyNameMapperTest" time="0.015"/>
  <system-out><![CDATA[]]></system-out>
  <system-err><![CDATA[]]></system-err>
</testsuite>
