<?xml version="1.0" encoding="UTF-8"?>
<testsuite name="com.amaap.electionresult.controller.FileControllerTest" tests="2" skipped="0" failures="0" errors="0" timestamp="2024-05-10T09:07:40" hostname="RAHULSLAPPY" time="0.043">
  <properties/>
  <testcase name="shouldBeAbleToRespondWithOkMessageIfFileISTakenFromUser()" classname="com.amaap.electionresult.controller.FileControllerTest" time="0.027"/>
  <testcase name="shouldBeAbleToRespondWithBadRequestMessageIfGivenFilePathIsNotProceeded()" classname="com.amaap.electionresult.controller.FileControllerTest" time="0.01"/>
  <system-out><![CDATA[]]></system-out>
  <system-err><![CDATA[]]></system-err>
</testsuite>
