<?xml version="1.0" encoding="UTF-8"?>
<testsuite name="com.amaap.electionresult.controller.dto.ResponseTest" tests="5" skipped="0" failures="0" errors="0" timestamp="2024-05-11T08:23:54" hostname="RAHULSLAPPY" time="0.021">
  <properties/>
  <testcase name="testHashCode()" classname="com.amaap.electionresult.controller.dto.ResponseTest" time="0.002"/>
  <testcase name="shouldBeAbleToTestConstructor()" classname="com.amaap.electionresult.controller.dto.ResponseTest" time="0.002"/>
  <testcase name="testGetMessage()" classname="com.amaap.electionresult.controller.dto.ResponseTest" time="0.004"/>
  <testcase name="testEquals()" classname="com.amaap.electionresult.controller.dto.ResponseTest" time="0.005"/>
  <testcase name="testGetStatus()" classname="com.amaap.electionresult.controller.dto.ResponseTest" time="0.002"/>
  <system-out><![CDATA[]]></system-out>
  <system-err><![CDATA[]]></system-err>
</testsuite>
