<?xml version="1.0" encoding="UTF-8"?>
<testsuite name="ElectionManagerTest" tests="4" skipped="0" failures="0" errors="0" timestamp="2024-04-01T07:39:24" hostname="RAHULSLAPPY" time="0.098">
  <properties/>
  <testcase name="shouldAbleToDisplayResult()" classname="ElectionManagerTest" time="0.089"/>
  <testcase name="shouldAbleToTakeFileInputFromUser()" classname="ElectionManagerTest" time="0.002"/>
  <testcase name="shouldAbleToCalculateVote()" classname="ElectionManagerTest" time="0.002"/>
  <testcase name="shouldAbleToProcessTheDataInWellFormat()" classname="ElectionManagerTest" time="0.002"/>
  <system-out><![CDATA[{Banglore={BJP=50}, Pune={INC=90}, Kolkata={BJP=1020}}
Constituency: Banglore
Winner: Bhartiya Janta Party (BJP) - Votes: 50 - Percentage of Total Votes: 40.65040650406504%

Constituency: Pune
Winner: Indian National Congress (INC) - Votes: 90 - Percentage of Total Votes: 54.54545454545454%

Constituency: Kolkata
Winner: Bhartiya Janta Party (BJP) - Votes: 1020 - Percentage of Total Votes: 38.63636363636363%

{Banglore={BJP=50}, Pune={INC=90}, Kolkata={BJP=1020}}
]]></system-out>
  <system-err><![CDATA[]]></system-err>
</testsuite>
