<?xml version="1.0" encoding="UTF-8"?>
<testsuite name="com.amaap.electionresult.repository.impl.InMemoryElectionRepositoryDataTest" tests="5" skipped="0" failures="0" errors="0" timestamp="2024-05-11T08:23:54" hostname="RAHULSLAPPY" time="0.021">
  <properties/>
  <testcase name="shouldBeAbleToTestClear()" classname="com.amaap.electionresult.repository.impl.InMemoryElectionRepositoryDataTest" time="0.002"/>
  <testcase name="shouldBeAbleToTestSingletonBehavior()" classname="com.amaap.electionresult.repository.impl.InMemoryElectionRepositoryDataTest" time="0.004"/>
  <testcase name="shouldBeAbleToTestInsertAndRetrieveData()" classname="com.amaap.electionresult.repository.impl.InMemoryElectionRepositoryDataTest" time="0.002"/>
  <testcase name="shouldBeAbleToTestGetInstance()" classname="com.amaap.electionresult.repository.impl.InMemoryElectionRepositoryDataTest" time="0.004"/>
  <testcase name="shouldBeAbleToTestNullDataInsertion()" classname="com.amaap.electionresult.repository.impl.InMemoryElectionRepositoryDataTest" time="0.005"/>
  <system-out><![CDATA[]]></system-out>
  <system-err><![CDATA[]]></system-err>
</testsuite>
