<?xml version="1.0" encoding="UTF-8"?>
<testsuite name="com.amaap.electionresult.service.ElectionServiceTest" tests="2" skipped="0" failures="0" errors="0" timestamp="2024-05-11T08:23:54" hostname="RAHULSLAPPY" time="0.076">
  <properties/>
  <testcase name="shouldBeAbleToTestGetWinnersWhenAnalyseWinnerReturnsFalse()" classname="com.amaap.electionresult.service.ElectionServiceTest" time="0.071"/>
  <testcase name="shouldBeAbleToTestGetWinners()" classname="com.amaap.electionresult.service.ElectionServiceTest" time="0.004"/>
  <system-out><![CDATA[]]></system-out>
  <system-err><![CDATA[]]></system-err>
</testsuite>
