<?xml version="1.0" encoding="UTF-8"?>
<testsuite name="com.amaap.electionresult.controller.FileControllerTest" tests="1" skipped="0" failures="0" errors="0" timestamp="2024-05-08T14:37:49" hostname="RAHULSLAPPY" time="0.077">
  <properties/>
  <testcase name="shouldBeAbleToRespondWithOkMessageIfFileISTakenFromUser()" classname="com.amaap.electionresult.controller.FileControllerTest" time="0.077"/>
  <system-out><![CDATA[]]></system-out>
  <system-err><![CDATA[]]></system-err>
</testsuite>
