<?xml version="1.0" encoding="UTF-8"?>
<testsuite name="com.amaap.electionresult.domain.ElectionResultAnalyserTest" tests="1" skipped="0" failures="0" errors="0" timestamp="2024-05-10T07:10:37" hostname="RAHULSLAPPY" time="0.018">
  <properties/>
  <testcase name="shouldBeABleTOGetTheWinneOfConstituencyWhenListOfDataIsSent()" classname="com.amaap.electionresult.domain.ElectionResultAnalyserTest" time="0.018"/>
  <system-out><![CDATA[]]></system-out>
  <system-err><![CDATA[]]></system-err>
</testsuite>
