<?xml version="1.0" encoding="UTF-8"?>
<testsuite name="com.amaap.electionresult.controller.ElectionControllerTest" tests="2" skipped="0" failures="0" errors="0" timestamp="2024-05-11T08:23:51" hostname="RAHULSLAPPY" time="2.459">
  <properties/>
  <testcase name="shouldBeAbleToRespondWithBadRequestIfElectionServiceReturnsFalse()" classname="com.amaap.electionresult.controller.ElectionControllerTest" time="2.451"/>
  <testcase name="shouldBeAbleToRespondWithOkIFElectionDataIsProceededForGettingWinner()" classname="com.amaap.electionresult.controller.ElectionControllerTest" time="0.006"/>
  <system-out><![CDATA[]]></system-out>
  <system-err><![CDATA[]]></system-err>
</testsuite>
