<?xml version="1.0" encoding="UTF-8"?>
<testsuite name="com.amaap.electionresult.service.io.ValidatorTest" tests="8" skipped="0" failures="0" errors="0" timestamp="2024-05-08T14:37:49" hostname="RAHULSLAPPY" time="0.056">
  <properties/>
  <testcase name="hasValidCityNames_ValidCityName_ReturnsTrue()" classname="com.amaap.electionresult.service.io.ValidatorTest" time="0.003"/>
  <testcase name="ShouldReturnTrueIfLineFollwsTheStructuralPatternOfValidLine()" classname="com.amaap.electionresult.service.io.ValidatorTest" time="0.002"/>
  <testcase name="ShouldReturnFalseWhenMissingCommaAfterPartyCodeAndVotes()" classname="com.amaap.electionresult.service.io.ValidatorTest" time="0.004"/>
  <testcase name="ShouldReturnFalseWhenNoPartyCodeAndVotesPresentInLine()" classname="com.amaap.electionresult.service.io.ValidatorTest" time="0.003"/>
  <testcase name="shouldReturnFalseWhenNegativeVotesArePresentInTheLine()" classname="com.amaap.electionresult.service.io.ValidatorTest" time="0.001"/>
  <testcase name="hasValidCityNames_InvalidCityName_ReturnsFalse()" classname="com.amaap.electionresult.service.io.ValidatorTest" time="0.002"/>
  <testcase name="shouldBeAbleToReturnTrueForValidInputLine()" classname="com.amaap.electionresult.service.io.ValidatorTest" time="0.001"/>
  <testcase name="testLoadValidCityNames()" classname="com.amaap.electionresult.service.io.ValidatorTest" time="0.021"/>
  <system-out><![CDATA[Banglore
Pune
Mumbai
]]></system-out>
  <system-err><![CDATA[]]></system-err>
</testsuite>
