<?xml version="1.0" encoding="UTF-8"?>
<testsuite name="com.amaap.electionresult.service.io.FileParserTest" tests="8" skipped="0" failures="0" errors="0" timestamp="2024-05-08T14:37:49" hostname="RAHULSLAPPY" time="0.024">
  <properties/>
  <testcase name="shouldBeAbleToTestInvalidCityNameNoComma()" classname="com.amaap.electionresult.service.io.FileParserTest" time="0.003"/>
  <testcase name="shouldBeAbleToTestValidCityName()" classname="com.amaap.electionresult.service.io.FileParserTest" time="0.003"/>
  <testcase name="shouldBeAbleToTestInvalidFormatInputLine()" classname="com.amaap.electionresult.service.io.FileParserTest" time="0.001"/>
  <testcase name="shouldBeAbleToTestInvalidCityNameMixedCase()" classname="com.amaap.electionresult.service.io.FileParserTest" time="0.002"/>
  <testcase name="shouldBeAbleToTestInvalidCityName()" classname="com.amaap.electionresult.service.io.FileParserTest" time="0.003"/>
  <testcase name="shouldBeAbleToTestInvalidCityNameExtraSpaces()" classname="com.amaap.electionresult.service.io.FileParserTest" time="0.001"/>
  <testcase name="shouldBeAbleToTestValidInputLine()" classname="com.amaap.electionresult.service.io.FileParserTest" time="0.003"/>
  <testcase name="shouldBeAbleTOReturnFalseIfLineContainsSpecialCharacters()" classname="com.amaap.electionresult.service.io.FileParserTest" time="0.001"/>
  <system-out><![CDATA[]]></system-out>
  <system-err><![CDATA[]]></system-err>
</testsuite>
