<?xml version="1.0" encoding="UTF-8"?>
<testsuite name="com.amaap.electionresult.models.PartyCodesTest" tests="6" skipped="0" failures="0" errors="0" timestamp="2024-04-01T07:39:24" hostname="RAHULSLAPPY" time="0.017">
  <properties/>
  <testcase name="shouldBeAbleToThrowExceptionForInvalidPartyCode()" classname="com.amaap.electionresult.models.PartyCodesTest" time="0.002"/>
  <testcase name="shouldBeAbleToGetFullNameForBJP()" classname="com.amaap.electionresult.models.PartyCodesTest" time="0.001"/>
  <testcase name="shouldBeAbleToGetFullNameForBSP()" classname="com.amaap.electionresult.models.PartyCodesTest" time="0.001"/>
  <testcase name="shouldBeAbleToGetFullNameForCPI()" classname="com.amaap.electionresult.models.PartyCodesTest" time="0.002"/>
  <testcase name="shouldBeAbleToGetFullNameForINC()" classname="com.amaap.electionresult.models.PartyCodesTest" time="0.001"/>
  <testcase name="shouldBeAbleToGetFullNameForNCP()" classname="com.amaap.electionresult.models.PartyCodesTest" time="0.003"/>
  <system-out><![CDATA[]]></system-out>
  <system-err><![CDATA[]]></system-err>
</testsuite>
