<?xml version="1.0" encoding="UTF-8"?>
<testsuite name="DataExtractorTest" tests="2" skipped="0" failures="0" errors="0" timestamp="2024-03-20T06:25:35" hostname="RAHULSLAPPY" time="0.054">
  <properties/>
  <testcase name="shouldAbleToReadFileFromTheUser()" classname="DataExtractorTest" time="0.044"/>
  <testcase name="shouldAbleToTakeOnlyTextFileAsInput()" classname="DataExtractorTest" time="0.007"/>
  <system-out><![CDATA[]]></system-out>
  <system-err><![CDATA[]]></system-err>
</testsuite>
