<?xml version="1.0" encoding="UTF-8"?>
<testsuite name="com.amaap.electionresult.controller.FileControllerTest" tests="2" skipped="0" failures="0" errors="0" timestamp="2024-05-10T10:41:33" hostname="RAHULSLAPPY" time="0.037">
  <properties/>
  <testcase name="shouldBeAbleToRespondWithOkMessageIfFileISTakenFromUser()" classname="com.amaap.electionresult.controller.FileControllerTest" time="0.028"/>
  <testcase name="shouldBeAbleToRespondWithBadRequestMessageIfGivenFilePathIsNotProceeded()" classname="com.amaap.electionresult.controller.FileControllerTest" time="0.008"/>
  <system-out><![CDATA[]]></system-out>
  <system-err><![CDATA[]]></system-err>
</testsuite>
