<?xml version="1.0" encoding="UTF-8"?>
<testsuite name="com.amaap.electionresult.io.DataExtractorTest" tests="4" skipped="0" failures="0" errors="0" timestamp="2024-04-01T20:53:36" hostname="RAHULSLAPPY" time="0.021">
  <properties/>
  <testcase name="shouldAbleToThrowExceptionIfNoDataFoundInFile()" classname="com.amaap.electionresult.io.DataExtractorTest" time="0.006"/>
  <testcase name="shouldBeAbleToThrowExceptionWhenOtherThanTextFilesIsGiven()" classname="com.amaap.electionresult.io.DataExtractorTest" time="0.002"/>
  <testcase name="shouldAbleToReadFileFromTheUserAndParseIt()" classname="com.amaap.electionresult.io.DataExtractorTest" time="0.006"/>
  <testcase name="shouldThrowExceptionIfPathIsEmpty()" classname="com.amaap.electionresult.io.DataExtractorTest" time="0.002"/>
  <system-out><![CDATA[{Banglore={BJP=50, NCP=43, CPI=10, INC=20}, Pune={BJP=21, NCP=10, CPI=40, BSP=4, INC=90}, Kolkata={BJP=1020, NCP=120, CPI=500, INC=1000}}
]]></system-out>
  <system-err><![CDATA[]]></system-err>
</testsuite>
