<?xml version="1.0" encoding="UTF-8"?>
<testsuite name="com.amaap.electionresult.domain.model.PartyNameMapperTest" tests="2" skipped="0" failures="0" errors="0" timestamp="2024-05-11T08:23:54" hostname="RAHULSLAPPY" time="0.026">
  <properties/>
  <testcase name="shouldBeAbleToGetTheCorrectPartyFullName()" classname="com.amaap.electionresult.domain.model.PartyNameMapperTest" time="0.014"/>
  <testcase name="shouldThrowExceptionIfInvalidPartyCodeIsGiven()" classname="com.amaap.electionresult.domain.model.PartyNameMapperTest" time="0.01"/>
  <system-out><![CDATA[]]></system-out>
  <system-err><![CDATA[]]></system-err>
</testsuite>
