<?xml version="1.0" encoding="UTF-8"?>
<testsuite name="com.amaap.electionresult.domain.ElectionResultAnalyserTest" tests="1" skipped="0" failures="0" errors="0" timestamp="2024-05-10T09:07:40" hostname="RAHULSLAPPY" time="0.112">
  <properties/>
  <testcase name="shouldBeABleTOGetTheWinneOfConstituencyWhenListOfDataIsSent()" classname="com.amaap.electionresult.domain.ElectionResultAnalyserTest" time="0.112"/>
  <system-out><![CDATA[The Winner From Pune is: Communist Party Of India (CPI) - with votes count is: 9389
The Winner From Banglore is: Indian National Congress (INC) - with votes count is: 17803
]]></system-out>
  <system-err><![CDATA[]]></system-err>
</testsuite>
