<?xml version="1.0" encoding="UTF-8"?>
<testsuite name="com.amaap.electionresult.service.FileReaderServiceTest" tests="6" skipped="0" failures="0" errors="0" timestamp="2024-05-10T07:10:39" hostname="RAHULSLAPPY" time="0.044">
  <properties/>
  <testcase name="shouldBeAbleToReadTheDataInFile()" classname="com.amaap.electionresult.service.FileReaderServiceTest" time="0.006"/>
  <testcase name="shouldThrowExceptionIfGivenPathISNull()" classname="com.amaap.electionresult.service.FileReaderServiceTest" time="0.005"/>
  <testcase name="shouldThrowExceptionIfGivenPathISEmpty()" classname="com.amaap.electionresult.service.FileReaderServiceTest" time="0.004"/>
  <testcase name="shouldBeAbleTOGetTheAddedDataFromTheRepositoryFromFile()" classname="com.amaap.electionresult.service.FileReaderServiceTest" time="0.003"/>
  <testcase name="shouldThrowExceptionIfPathDoesNotHaveTheFile()" classname="com.amaap.electionresult.service.FileReaderServiceTest" time="0.007"/>
  <testcase name="shouldThrowExceptionIfFileHasInvalidDataFound()" classname="com.amaap.electionresult.service.FileReaderServiceTest" time="0.009"/>
  <system-out><![CDATA[]]></system-out>
  <system-err><![CDATA[]]></system-err>
</testsuite>
